C51 COMPILER V9.60.0.0   LCD                                                               06/06/2021 13:23:13 PAGE 1   


C51 COMPILER V9.60.0.0, COMPILATION OF MODULE LCD
OBJECT MODULE PLACED IN lcd.OBJ
COMPILER INVOKED BY: C:\Keil_v5\C51\BIN\C51.EXE lcd.c OPTIMIZE(8,SPEED) BROWSE DEBUG OBJECTEXTEND TABS(2)

line level    source

   1          #include <reg52.h>
   2          #include <intrins.h>
   3          
   4          unsigned char xdata ctrlw _at_ 0x8010;
   5          unsigned char xdata ctrlr _at_ 0x8012; 
   6          unsigned char xdata datw _at_ 0x8011;
   7          unsigned char xdata datr _at_ 0x8013; 
   8                          
   9          #define adres_linijka1  0
  10          #define adres_linijka2  0x40
  11          #define loop_iteration_cycles 1
  12          #define op_15msek (15000/loop_iteration_cycles)
  13          #define op_4_2msek (4200/loop_iteration_cycles)
  14          #define op_120usek (120/loop_iteration_cycles)
  15          
  16          void opz(unsigned short int x){
  17   1      while(--x!=0); _nop_();
  18   1      }
  19          void busylcd(){
  20   1      while(ctrlr&0x80)  _nop_();
  21   1          }
  22          void adrlcd(unsigned char adres){
  23   1      ctrlw=adres|0x80;
  24   1      busylcd();
  25   1                    }
  26          void disptext(unsigned char xdata *wsk){
  27   1      unsigned char data i;
  28   1      adrlcd(adres_linijka1);
  29   1      for(i=0;i<16;i++){
  30   2        datw=*wsk;
  31   2        wsk++;
  32   2        busylcd();
  33   2              }
  34   1      adrlcd(adres_linijka2);
  35   1      for(i=0;i<16;i++){
  36   2        datw=*wsk;
  37   2        wsk++;
  38   2        busylcd();
  39   2              }
  40   1                      }
  41          //*********************
  42          void prglcd(){
  43   1      opz(op_15msek);
  44   1      ctrlw=0x38;
  45   1      opz(op_4_2msek);
  46   1      ctrlw=0x38;
  47   1      opz(op_120usek);
  48   1      ctrlw=0x38;
  49   1      busylcd();
  50   1      ctrlw=0x38;
  51   1      busylcd();
  52   1      ctrlw=0x0c;
  53   1      busylcd();
  54   1      ctrlw=0x01;
  55   1      busylcd();
C51 COMPILER V9.60.0.0   LCD                                                               06/06/2021 13:23:13 PAGE 2   

  56   1      ctrlw=0x06;
  57   1      busylcd();
  58   1      
  59   1          }
  60          


MODULE INFORMATION:   STATIC OVERLAYABLE
   CODE SIZE        =    177    ----
   CONSTANT SIZE    =   ----    ----
   XDATA SIZE       =   ----    ----
   PDATA SIZE       =   ----    ----
   DATA SIZE        =   ----    ----
   IDATA SIZE       =   ----    ----
   BIT SIZE         =   ----    ----
END OF MODULE INFORMATION.


C51 COMPILATION COMPLETE.  0 WARNING(S),  0 ERROR(S)
