C51 COMPILER V9.60.0.0   MAIN                                                              06/07/2021 17:29:46 PAGE 1   


C51 COMPILER V9.60.0.0, COMPILATION OF MODULE MAIN
OBJECT MODULE PLACED IN main.OBJ
COMPILER INVOKED BY: C:\Keil_v5\C51\BIN\C51.EXE main.c OPTIMIZE(8,SPEED) BROWSE DEBUG OBJECTEXTEND TABS(2)

line level    source

   1          #include <reg52.h>
   2          #include <intrins.h>
   3          #include "mkd51sim.h"
   4          #include "lcd.h"
   5          
   6          unsigned char xdata PTWE _at_ 0x8008;
   7          unsigned char xdata PTWY _at_ 0x8009;
   8          unsigned char xdata PTSEG _at_ 0x8018;
   9          
  10          void licz();
  11          void main(void)
  12          {
  13   1        while (1)
  14   1        {
  15   2      
  16   2          licz();
  17   2        }
  18   1      }


MODULE INFORMATION:   STATIC OVERLAYABLE
   CODE SIZE        =      5    ----
   CONSTANT SIZE    =   ----    ----
   XDATA SIZE       =   ----    ----
   PDATA SIZE       =   ----    ----
   DATA SIZE        =   ----    ----
   IDATA SIZE       =   ----    ----
   BIT SIZE         =   ----    ----
END OF MODULE INFORMATION.


C51 COMPILATION COMPLETE.  0 WARNING(S),  0 ERROR(S)
