C51 COMPILER V9.60.0.0   MAIN                                                              04/22/2021 15:58:45 PAGE 1   


C51 COMPILER V9.60.0.0, COMPILATION OF MODULE MAIN
OBJECT MODULE PLACED IN main.OBJ
COMPILER INVOKED BY: C:\Keil_v5\C51\BIN\C51.EXE main.c OPTIMIZE(8,SPEED) BROWSE DEBUG OBJECTEXTEND TABS(2)

line level    source

   1          #include <reg52.h>
   2          #include <intrins.h>
   3          #include "mkd51sim.h"
   4          
   5          void MOJA_PROC_W_ASM();
   6          void INIT_ASM();
   7          extern char ZM;
   8          
   9          // Deklaracje rejestrow sprzetowych MKD51
  10           unsigned char xdata PTWE _at_ 0x8008;   
  11           unsigned char xdata PTWY _at_ 0x8009;  
  12           unsigned char xdata PTSEG _at_ 0x8018;   
  13           unsigned char xdata POT0 _at_ 0x8005;  
  14          void main(void) {
  15   1        INIT_ASM();
  16   1        while(1){
  17   2       MOJA_PROC_W_ASM();
  18   2          PTIO EQU 8008h
*** ERROR C202 IN LINE 18 OF main.c: 'PTIO': undefined identifier
*** ERROR C141 IN LINE 18 OF main.c: syntax error near 'EQU', expected ';'
*** ERROR C141 IN LINE 18 OF main.c: syntax error near 'h', expected ';'
  19   2       mov DPTR,#PTIO
  20   2       mov A,#0fh
*** ERROR C251 IN LINE 20 OF main.c: illegal octal digit
*** ERROR C141 IN LINE 20 OF main.c: syntax error near 'h', expected ';'
  21   2       movx @DPTR,A
  22   2       movx A,@DPTR
*** ERROR C141 IN LINE 22 OF main.c: syntax error near 'movx', expected ';'
  23   2       jnb ACC.0,X0_ON
  24   2        }
*** ERROR C141 IN LINE 24 OF main.c: syntax error near '}', expected ';'
  25   1      } 
  26           

C51 COMPILATION COMPLETE.  0 WARNING(S),  7 ERROR(S)
