C51 COMPILER V9.60.0.0   MAIN                                                              05/13/2021 17:41:33 PAGE 1   


C51 COMPILER V9.60.0.0, COMPILATION OF MODULE MAIN
OBJECT MODULE PLACED IN main.OBJ
COMPILER INVOKED BY: C:\Keil_v5\C51\BIN\C51.EXE main.c OPTIMIZE(8,SPEED) BROWSE DEBUG OBJECTEXTEND TABS(2)

line level    source

   1          #include <reg52.h>
   2          #include <intrins.h>
   3          #include "lcd.h"
   4          #include "mkd51sim.h"
   5          
   6          unsigned char xdata POT0 _at_ 0x8005;
   7          unsigned char xdata POT1 _at_ 0x8006;
   8          unsigned char xdata POT2 _at_ 0x8007;
   9          unsigned char xdata PTWE _at_ 0x8008;
  10          unsigned char xdata tblcw[] = "Napiecie = 0   V";
  11          unsigned char POT;
  12          float f=0;
  13          unsigned char GETADC(unsigned char Nr_POT);
  14          void main(void)
  15          {
  16   1          prglcd();
  17   1          while (1)
  18   1          {
  19   2              if (!(PTWE & 0x01))
  20   2              {
  21   3                  POT0 = 0;
  22   3                  POT = GETADC(0);
  23   3              }
  24   2              if (!(PTWE & 0x02))
  25   2              {
  26   3                  POT1 = 0;
  27   3                  POT = GETADC(1);
  28   3              }
  29   2              if (!(PTWE & 0x04))
  30   2              {
  31   3                  POT2 = 0;
  32   3                  POT = GETADC(2);
  33   3              }
  34   2              f = (float)POT / 51;
  35   2              tblcw[11] = '0' + f;
  36   2              tblcw[12] = '.';
  37   2              f = (f - (int)f) * 10;
  38   2              tblcw[13] = '0' + f;
  39   2              f = (f - (int)f) * 10;
  40   2              tblcw[14] = '0' + f;
  41   2              disptext(tblcw);
  42   2          }
  43   1      }


MODULE INFORMATION:   STATIC OVERLAYABLE
   CODE SIZE        =    287    ----
   CONSTANT SIZE    =   ----    ----
   XDATA SIZE       =     17    ----
   PDATA SIZE       =   ----    ----
   DATA SIZE        =      5    ----
   IDATA SIZE       =   ----    ----
   BIT SIZE         =   ----    ----
END OF MODULE INFORMATION.


C51 COMPILATION COMPLETE.  0 WARNING(S),  0 ERROR(S)
