C51 COMPILER V9.60.0.0   MAIN                                                              04/15/2021 18:06:32 PAGE 1   


C51 COMPILER V9.60.0.0, COMPILATION OF MODULE MAIN
OBJECT MODULE PLACED IN main.OBJ
COMPILER INVOKED BY: C:\Keil_v5\C51\BIN\C51.EXE main.c OPTIMIZE(8,SPEED) BROWSE DEBUG OBJECTEXTEND TABS(2)

line level    source

   1          #include <reg52.h>
   2          #include <intrins.h>
   3          #include "lcd.h"
   4          #include "mkd51sim.h"
   5          
   6          unsigned char xdata POT1 _at_ 0x8006;
   7          unsigned char xdata POT2 _at_ 0x8007;
   8          unsigned char xdata PTWE _at_ 0x8008;
   9          unsigned char xdata PTWY _at_ 0x8009;
  10          unsigned char xdata tblcw[]="                               ";
  11          void main(void) {
  12   1      unsigned char delay,pt1,pt2,roznica;
  13   1      float j=0,d1=0,d2=0;
  14   1      prglcd();
  15   1      while(1){
  16   2          
  17   2          
  18   2              POT1=0;
  19   2              for(delay=0;delay<200;delay++) _nop_();
  20   2              pt1=POT1;
  21   2      
  22   2              POT2=0;
  23   2              for(delay=0;delay<200;delay++) _nop_();
  24   2              pt2=POT2;
  25   2          if(pt1>=pt2){
  26   3              roznica = pt1-pt2;
  27   3              tblcw[10] = ' ';
  28   3          }
  29   2          else{
  30   3              roznica = pt2-pt1;
  31   3              tblcw[10] = '-';
  32   3          }
  33   2              j=(float)roznica/51; //0-5
  34   2              tblcw[11]='0'+j;
  35   2              tblcw[12]='.';
  36   2              d1=(j-(int)j)*10; //0.0-0.9       1.54345-1=0.5435 -> 5.435 //explicit cast
  37   2              d2=(d1-(int)d1)*10; //0.00-0.09        5.435-5=0.435 -> 4.35
  38   2              tblcw[13]='0'+ (unsigned char)d1; //5.435->5 //implicit cast
  39   2              tblcw[14]='0'+ d2;                                //4.35 ->4
  40   2          disptext(tblcw);
  41   2      }
  42   1          
  43   1      }


MODULE INFORMATION:   STATIC OVERLAYABLE
   CODE SIZE        =    316    ----
   CONSTANT SIZE    =   ----    ----
   XDATA SIZE       =     32    ----
   PDATA SIZE       =   ----    ----
   DATA SIZE        =   ----      13
   IDATA SIZE       =   ----    ----
   BIT SIZE         =   ----    ----
END OF MODULE INFORMATION.


C51 COMPILATION COMPLETE.  0 WARNING(S),  0 ERROR(S)
